2018-06-07 18:35:00 [LOG_LEVEL = 3] Opening logfile serverlogfile.log succeed.
2018-06-07 18:35:00 [LOG_LEVEL = 5] configfile opened
2018-06-07 18:35:00 [LOG_LEVEL = 5] Queue add descriptor: 5
2018-06-07 18:35:00 [LOG_LEVEL = 1] Server registered on port: 4003
2018-06-07 18:35:14 [LOG_LEVEL = 5] receiving packet ...
2018-06-07 18:35:14 [LOG_LEVEL = 4] received header of non encrypted packet ...
2018-06-07 18:35:14 [LOG_LEVEL = 5] receiving packet ...
2018-06-07 18:35:14 [LOG_LEVEL = 4] received header of non encrypted packet ...
2018-06-07 18:35:14 [LOG_LEVEL = 2] new android client added
2018-06-07 18:35:14 [LOG_LEVEL = 5] Packet ready to encrypt plain 2, encrypted 32, packet id: 11
2018-06-07 18:35:14 [LOG_LEVEL = 5] Encrypted bytes: 32, from: 2
2018-06-07 18:35:14 [LOG_LEVEL = 5] Packet encrypted before sending
2018-06-07 18:35:14 [LOG_LEVEL = 5] receiving packet ...
2018-06-07 18:35:14 [LOG_LEVEL = 5] received encrypted packet header ...
2018-06-07 18:35:14 [LOG_LEVEL = 4] Received encrypted packet, plaintext length = 63, encrpypted length = 80.
2018-06-07 18:35:14 [LOG_LEVEL = 5] Packet ready to encrypt plain 2, encrypted 32, packet id: 1
2018-06-07 18:35:14 [LOG_LEVEL = 5] Encrypted bytes: 32, from: 2
2018-06-07 18:35:14 [LOG_LEVEL = 5] Packet encrypted before sending
2018-06-07 18:35:17 [LOG_LEVEL = 5] receiving packet ...
2018-06-07 18:35:17 [LOG_LEVEL = 5] received encrypted packet header ...
2018-06-07 18:35:17 [LOG_LEVEL = 4] Received encrypted packet, plaintext length = 1, encrpypted length = 32.
2018-06-07 18:35:17 [LOG_LEVEL = 5] Packet ready to encrypt plain 21, encrypted 48, packet id: 7
2018-06-07 18:35:17 [LOG_LEVEL = 5] Encrypted bytes: 48, from: 21
2018-06-07 18:35:17 [LOG_LEVEL = 5] Packet encrypted before sending
2018-06-07 18:35:17 [LOG_LEVEL = 3] desc sent
2018-06-07 18:35:17 [LOG_LEVEL = 5] Packet ready to encrypt plain 10, encrypted 32, packet id: 8
2018-06-07 18:35:17 [LOG_LEVEL = 5] Encrypted bytes: 32, from: 10
2018-06-07 18:35:17 [LOG_LEVEL = 5] Packet encrypted before sending
2018-06-07 18:35:17 [LOG_LEVEL = 3] val sent
2018-06-07 18:35:17 [LOG_LEVEL = 5] Packet ready to encrypt plain 21, encrypted 48, packet id: 7
2018-06-07 18:35:17 [LOG_LEVEL = 5] Encrypted bytes: 48, from: 21
2018-06-07 18:35:17 [LOG_LEVEL = 5] Packet encrypted before sending
2018-06-07 18:35:17 [LOG_LEVEL = 3] desc sent
2018-06-07 18:35:17 [LOG_LEVEL = 5] Packet ready to encrypt plain 10, encrypted 32, packet id: 8
2018-06-07 18:35:17 [LOG_LEVEL = 5] Encrypted bytes: 32, from: 10
2018-06-07 18:35:17 [LOG_LEVEL = 5] Packet encrypted before sending
2018-06-07 18:35:17 [LOG_LEVEL = 3] val sent
2018-06-07 18:35:17 [LOG_LEVEL = 5] Packet ready to encrypt plain 21, encrypted 48, packet id: 7
2018-06-07 18:35:17 [LOG_LEVEL = 5] Encrypted bytes: 48, from: 21
2018-06-07 18:35:17 [LOG_LEVEL = 5] Packet encrypted before sending
2018-06-07 18:35:17 [LOG_LEVEL = 3] desc sent
2018-06-07 18:35:17 [LOG_LEVEL = 5] Packet ready to encrypt plain 10, encrypted 32, packet id: 8
2018-06-07 18:35:17 [LOG_LEVEL = 5] Encrypted bytes: 32, from: 10
2018-06-07 18:35:17 [LOG_LEVEL = 5] Packet encrypted before sending
2018-06-07 18:35:17 [LOG_LEVEL = 3] val sent
2018-06-07 18:35:17 [LOG_LEVEL = 5] Packet ready to encrypt plain 21, encrypted 48, packet id: 7
2018-06-07 18:35:17 [LOG_LEVEL = 5] Encrypted bytes: 48, from: 21
2018-06-07 18:35:17 [LOG_LEVEL = 5] Packet encrypted before sending
2018-06-07 18:35:17 [LOG_LEVEL = 3] desc sent
2018-06-07 18:35:17 [LOG_LEVEL = 5] Packet ready to encrypt plain 10, encrypted 32, packet id: 8
2018-06-07 18:35:17 [LOG_LEVEL = 5] Encrypted bytes: 32, from: 10
2018-06-07 18:35:17 [LOG_LEVEL = 5] Packet encrypted before sending
2018-06-07 18:35:17 [LOG_LEVEL = 3] val sent
2018-06-07 18:35:17 [LOG_LEVEL = 5] Packet ready to encrypt plain 21, encrypted 48, packet id: 7
2018-06-07 18:35:17 [LOG_LEVEL = 5] Encrypted bytes: 48, from: 21
2018-06-07 18:35:17 [LOG_LEVEL = 5] Packet encrypted before sending
2018-06-07 18:35:17 [LOG_LEVEL = 3] desc sent
2018-06-07 18:35:17 [LOG_LEVEL = 5] Packet ready to encrypt plain 10, encrypted 32, packet id: 8
2018-06-07 18:35:17 [LOG_LEVEL = 5] Encrypted bytes: 32, from: 10
2018-06-07 18:35:17 [LOG_LEVEL = 5] Packet encrypted before sending
2018-06-07 18:35:17 [LOG_LEVEL = 3] val sent
2018-06-07 18:35:17 [LOG_LEVEL = 5] Packet ready to encrypt plain 1, encrypted 32, packet id: 3
2018-06-07 18:35:17 [LOG_LEVEL = 5] Encrypted bytes: 32, from: 1
2018-06-07 18:35:17 [LOG_LEVEL = 5] Packet encrypted before sending
2018-06-07 18:35:17 [LOG_LEVEL = 3] eot sent
2018-06-07 18:35:25 [LOG_LEVEL = 5] receiving packet ...
2018-06-07 18:35:25 [LOG_LEVEL = 5] received encrypted packet header ...
2018-06-07 18:35:25 [LOG_LEVEL = 4] Received encrypted packet, plaintext length = 1, encrpypted length = 32.
2018-06-07 18:35:25 [LOG_LEVEL = 5] Packet ready to encrypt plain 2, encrypted 32, packet id: 1
2018-06-07 18:35:25 [LOG_LEVEL = 5] Encrypted bytes: 32, from: 2
2018-06-07 18:35:25 [LOG_LEVEL = 5] Packet encrypted before sending
2018-06-07 18:35:25 [LOG_LEVEL = 2] client with id 211 has log out
