2018-06-08 19:33:35 [LOG_LEVEL = 3] Opening logfile server2logfile.log succeed.
2018-06-08 19:33:35 [LOG_LEVEL = 5] configfile opened
2018-06-08 19:33:35 [LOG_LEVEL = 5] config file file name: P:üPàU opened
2018-06-08 19:33:35 [LOG_LEVEL = 5] Queue add descriptor: 5
2018-06-08 19:33:35 [LOG_LEVEL = 3] user user added
2018-06-08 19:33:35 [LOG_LEVEL = 3] user login added
2018-06-08 19:33:35 [LOG_LEVEL = 3] user usr added
2018-06-08 19:33:35 [LOG_LEVEL = 3] user login not added
2018-06-08 19:33:35 [LOG_LEVEL = 3] Added 3 users
2018-06-08 19:33:35 [LOG_LEVEL = 1] Server registered on port: 4003
2018-06-08 19:33:38 [LOG_LEVEL = 2] New device registered: id 1, class 1, name Nazwa, unit szt, min 1.200000, max 1.300000
2018-06-08 19:33:38 [LOG_LEVEL = 2] New device registered: id 2, class 0, name Nazwa, unit szt, min 1.200000, max 1.300000
2018-06-08 19:33:38 [LOG_LEVEL = 2] New device registered: id 3, class 1, name Nazwa, unit szt, min 1.200000, max 1.300000
2018-06-08 19:33:38 [LOG_LEVEL = 2] New device registered: id 4, class 0, name Nazwa, unit szt, min 1.200000, max 1.300000
2018-06-08 19:33:38 [LOG_LEVEL = 2] New device registered: id 5, class 2, name Nazwa, unit szt, min 1.200000, max 1.300000
2018-06-08 19:33:42 [LOG_LEVEL = 2] try to add device with existing id
2018-06-08 19:33:42 [LOG_LEVEL = 2] try to add device with existing id
2018-06-08 19:33:42 [LOG_LEVEL = 2] try to add device with existing id
2018-06-08 19:33:42 [LOG_LEVEL = 2] try to add device with existing id
2018-06-08 19:33:42 [LOG_LEVEL = 2] try to add device with existing id
2018-06-08 19:33:44 [LOG_LEVEL = 2] try to add device with existing id
2018-06-08 19:33:44 [LOG_LEVEL = 2] try to add device with existing id
2018-06-08 19:33:44 [LOG_LEVEL = 2] try to add device with existing id
2018-06-08 19:33:44 [LOG_LEVEL = 2] try to add device with existing id
2018-06-08 19:33:44 [LOG_LEVEL = 2] try to add device with existing id
